<?xml version="1.0" encoding="UTF-8"?>
<!-- Generated by org.testng.reporters.JUnitReportReporter -->
<testsuite hostname="DESKTOP-BBB6LF3" name="dnayuanceshi01.zhengchuTestng" tests="1" failures="0" timestamp="29 Dec 2018 02:57:07 GMT" time="0.000" errors="0">
  <testcase name="chu7" time="0.000" classname="dnayuanceshi01.zhengchuTestng"/>
</testsuite> <!-- dnayuanceshi01.zhengchuTestng -->
