<?xml version="1.0" encoding="UTF-8"?>
<!-- Generated by org.testng.reporters.JUnitReportReporter -->
<testsuite hostname="DESKTOP-BBB6LF3" name="dnayuanceshi01.NewtestTest" tests="1" failures="0" timestamp="29 Dec 2018 02:46:48 GMT" time="0.010" errors="0">
  <testcase name="Upset" time="0.010" classname="dnayuanceshi01.NewtestTest"/>
</testsuite> <!-- dnayuanceshi01.NewtestTest -->
