<?xml version="1.0" encoding="UTF-8"?>
<!-- Generated by org.testng.reporters.JUnitReportReporter -->
<testsuite hostname="DESKTOP-BBB6LF3" name="zuoye.NewTest" tests="1" failures="0" timestamp="2 Jan 2019 01:52:11 GMT" time="0.014" errors="0">
  <testcase name="f" time="0.014" classname="zuoye.NewTest"/>
</testsuite> <!-- zuoye.NewTest -->
