<?xml version="1.0" encoding="UTF-8"?>
<!-- Generated by org.testng.reporters.JUnitReportReporter -->
<testsuite hostname="DESKTOP-BBB6LF3" name="dnayuanceshi01.NewTest1" tests="1" failures="0" timestamp="29 Dec 2018 02:49:59 GMT" time="0.010" errors="0">
  <testcase name="f" time="0.010" classname="dnayuanceshi01.NewTest1"/>
</testsuite> <!-- dnayuanceshi01.NewTest1 -->
