<?xml version="1.0" encoding="UTF-8"?>
<!-- Generated by org.testng.reporters.JUnitReportReporter -->
<testsuite hostname="DESKTOP-BBB6LF3" name="zuoye.yunsuanng" tests="2" failures="0" timestamp="2 Jan 2019 02:37:31 GMT" time="0.008" errors="0">
  <testcase name="f" time="0.007" classname="zuoye.yunsuanng"/>
  <testcase name="f" time="0.001" classname="zuoye.yunsuanng"/>
</testsuite> <!-- zuoye.yunsuanng -->
